<?xml version="1.0" encoding="UTF-8"?>
<!-- Generated by org.testng.reporters.JUnitXMLReporter -->
<testsuite ignored="0" hostname="LAPTOP-DJ20R8TG" failures="0" tests="17" name="Test1234" time="3.441" errors="0" timestamp="2022-03-12T20:04:45 IST">
  <testcase classname="Test.VerifyLoginPage" name="@BeforeClass launchBrowser" time="1.722">
    <failure type="org.openqa.selenium.SessionNotCreatedException" message="session not created: This version of ChromeDriver only supports Chrome version 97
Current browser version is 99.0.4844.51 with binary path C:\Program Files\Google\Chrome\Application\chrome.exe
Build info: version: &amp;apos;3.141.59&amp;apos;, revision: &amp;apos;e82be7d358&amp;apos;, time: &amp;apos;2018-11-14T08:17:03&amp;apos;
System info: host: &amp;apos;LAPTOP-DJ20R8TG&amp;apos;, ip: &amp;apos;192.168.0.101&amp;apos;, os.name: &amp;apos;Windows 10&amp;apos;, os.arch: &amp;apos;amd64&amp;apos;, os.version: &amp;apos;10.0&amp;apos;, java.version: &amp;apos;17.0.1&amp;apos;
Driver info: driver.version: ChromeDriver
remote stacktrace: Backtrace:
	Ordinal0 [0x00ABFDC3+2555331]
	Ordinal0 [0x00A577F1+2127857]
	Ordinal0 [0x00952E08+1060360]
	Ordinal0 [0x009719CA+1186250]
	Ordinal0 [0x0096D825+1169445]
	Ordinal0 [0x0096AFC1+1159105]
	Ordinal0 [0x0099C22F+1360431]
	Ordinal0 [0x0099BE9A+1359514]
	Ordinal0 [0x00997976+1341814]
	Ordinal0 [0x009736B6+1193654]
	Ordinal0 [0x00974546+1197382]
	GetHandleVerifier [0x00C59622+1619522]
	GetHandleVerifier [0x00D0882C+2336844]
	GetHandleVerifier [0x00B523E1+541697]
	GetHandleVerifier [0x00B51443+537699]
	Ordinal0 [0x00A5D18E+2150798]
	Ordinal0 [0x00A61518+2168088]
	Ordinal0 [0x00A61660+2168416]
	Ordinal0 [0x00A6B330+2208560]
	BaseThreadInitThunk [0x756E6739+25]
	RtlGetFullPathName_UEx [0x77068E7F+1215]
	RtlGetFullPathName_UEx [0x77068E4D+1165]
">
      <![CDATA[org.openqa.selenium.SessionNotCreatedException: session not created: This version of ChromeDriver only supports Chrome version 97
Current browser version is 99.0.4844.51 with binary path C:\Program Files\Google\Chrome\Application\chrome.exe
Build info: version: '3.141.59', revision: 'e82be7d358', time: '2018-11-14T08:17:03'
System info: host: 'LAPTOP-DJ20R8TG', ip: '192.168.0.101', os.name: 'Windows 10', os.arch: 'amd64', os.version: '10.0', java.version: '17.0.1'
Driver info: driver.version: ChromeDriver
remote stacktrace: Backtrace:
Ordinal0 [0x00ABFDC3+2555331]
Ordinal0 [0x00A577F1+2127857]
Ordinal0 [0x00952E08+1060360]
Ordinal0 [0x009719CA+1186250]
Ordinal0 [0x0096D825+1169445]
Ordinal0 [0x0096AFC1+1159105]
Ordinal0 [0x0099C22F+1360431]
Ordinal0 [0x0099BE9A+1359514]
Ordinal0 [0x00997976+1341814]
Ordinal0 [0x009736B6+1193654]
Ordinal0 [0x00974546+1197382]
GetHandleVerifier [0x00C59622+1619522]
GetHandleVerifier [0x00D0882C+2336844]
GetHandleVerifier [0x00B523E1+541697]
GetHandleVerifier [0x00B51443+537699]
Ordinal0 [0x00A5D18E+2150798]
Ordinal0 [0x00A61518+2168088]
Ordinal0 [0x00A61660+2168416]
Ordinal0 [0x00A6B330+2208560]
BaseThreadInitThunk [0x756E6739+25]
RtlGetFullPathName_UEx [0x77068E7F+1215]
RtlGetFullPathName_UEx [0x77068E4D+1165]

at org.openqa.selenium.remote.W3CHandshakeResponse.lambda$errorHandler$0(W3CHandshakeResponse.java:62)
at org.openqa.selenium.remote.HandshakeResponse.lambda$getResponseFunction$0(HandshakeResponse.java:30)
at org.openqa.selenium.remote.ProtocolHandshake.lambda$createSession$0(ProtocolHandshake.java:126)
at java.base/java.util.stream.ReferencePipeline$3$1.accept(ReferencePipeline.java:197)
at java.base/java.util.Spliterators$ArraySpliterator.tryAdvance(Spliterators.java:1002)
at java.base/java.util.stream.ReferencePipeline.forEachWithCancel(ReferencePipeline.java:129)
at java.base/java.util.stream.AbstractPipeline.copyIntoWithCancel(AbstractPipeline.java:527)
at java.base/java.util.stream.AbstractPipeline.copyInto(AbstractPipeline.java:513)
at java.base/java.util.stream.AbstractPipeline.wrapAndCopyInto(AbstractPipeline.java:499)
at java.base/java.util.stream.FindOps$FindOp.evaluateSequential(FindOps.java:150)
at java.base/java.util.stream.AbstractPipeline.evaluate(AbstractPipeline.java:234)
at java.base/java.util.stream.ReferencePipeline.findFirst(ReferencePipeline.java:647)
at org.openqa.selenium.remote.ProtocolHandshake.createSession(ProtocolHandshake.java:128)
at org.openqa.selenium.remote.ProtocolHandshake.createSession(ProtocolHandshake.java:74)
at org.openqa.selenium.remote.HttpCommandExecutor.execute(HttpCommandExecutor.java:136)
at org.openqa.selenium.remote.service.DriverCommandExecutor.execute(DriverCommandExecutor.java:83)
at org.openqa.selenium.remote.RemoteWebDriver.execute(RemoteWebDriver.java:552)
at org.openqa.selenium.remote.RemoteWebDriver.startSession(RemoteWebDriver.java:213)
at org.openqa.selenium.remote.RemoteWebDriver.<init>(RemoteWebDriver.java:131)
at org.openqa.selenium.chrome.ChromeDriver.<init>(ChromeDriver.java:181)
at org.openqa.selenium.chrome.ChromeDriver.<init>(ChromeDriver.java:168)
at org.openqa.selenium.chrome.ChromeDriver.<init>(ChromeDriver.java:123)
at Test.VerifyLoginPage.launchBrowser(VerifyLoginPage.java:33)
at java.base/java.util.ArrayList.forEach(ArrayList.java:1511)
... Removed 30 stack frames]]>
    </failure>
  </testcase> <!-- @BeforeClass launchBrowser -->
  <testcase classname="Test.VerifyLoginPage" name="@BeforeMethod loginToApplication" time="-1.647095683429E9">
    <skipped/>
  </testcase> <!-- @BeforeMethod loginToApplication -->
  <testcase classname="Test.VerifyLoginPage" name="@AfterMethod logOut" time="-1.647095683439E9">
    <skipped/>
  </testcase> <!-- @AfterMethod logOut -->
  <testcase classname="Test.VerifyLoginPage" name="@BeforeMethod loginToApplication" time="-1.647095683444E9">
    <skipped/>
  </testcase> <!-- @BeforeMethod loginToApplication -->
  <testcase classname="Test.VerifyLoginPage" name="@AfterMethod logOut" time="-1.647095683451E9">
    <skipped/>
  </testcase> <!-- @AfterMethod logOut -->
  <testcase classname="Test.VerifyLoginPage" name="@BeforeMethod loginToApplication" time="-1.647095683451E9">
    <skipped/>
  </testcase> <!-- @BeforeMethod loginToApplication -->
  <testcase classname="Test.VerifyLoginPage" name="@AfterMethod logOut" time="-1.647095683456E9">
    <skipped/>
  </testcase> <!-- @AfterMethod logOut -->
  <testcase classname="Test.VerifyLoginPage" name="@BeforeMethod loginToApplication" time="-1.647095683458E9">
    <skipped/>
  </testcase> <!-- @BeforeMethod loginToApplication -->
  <testcase classname="Test.VerifyLoginPage" name="@AfterMethod logOut" time="-1.647095683462E9">
    <skipped/>
  </testcase> <!-- @AfterMethod logOut -->
  <testcase classname="Test.VerifyLoginPage" name="@BeforeMethod loginToApplication" time="-1.647095683464E9">
    <skipped/>
  </testcase> <!-- @BeforeMethod loginToApplication -->
  <testcase classname="Test.VerifyLoginPage" name="@AfterMethod logOut" time="-1.64709568347E9">
    <skipped/>
  </testcase> <!-- @AfterMethod logOut -->
  <testcase classname="Test.VerifyLoginPage" name="@BeforeMethod loginToApplication" time="-1.647095683471E9">
    <skipped/>
  </testcase> <!-- @BeforeMethod loginToApplication -->
  <testcase classname="Test.VerifyLoginPage" name="@AfterMethod logOut" time="-1.647095683485E9">
    <skipped/>
  </testcase> <!-- @AfterMethod logOut -->
  <testcase classname="Test.VerifyLoginPage" name="@AfterClass closeBrowser" time="-1.647095683486E9">
    <skipped/>
  </testcase> <!-- @AfterClass closeBrowser -->
  <testcase classname="Test.VerifyCreateNewAccount" name="@BeforeClass lounchBrowser" time="1.544">
    <failure type="org.openqa.selenium.SessionNotCreatedException" message="session not created: This version of ChromeDriver only supports Chrome version 97
Current browser version is 99.0.4844.51 with binary path C:\Program Files\Google\Chrome\Application\chrome.exe
Build info: version: &amp;apos;3.141.59&amp;apos;, revision: &amp;apos;e82be7d358&amp;apos;, time: &amp;apos;2018-11-14T08:17:03&amp;apos;
System info: host: &amp;apos;LAPTOP-DJ20R8TG&amp;apos;, ip: &amp;apos;192.168.0.101&amp;apos;, os.name: &amp;apos;Windows 10&amp;apos;, os.arch: &amp;apos;amd64&amp;apos;, os.version: &amp;apos;10.0&amp;apos;, java.version: &amp;apos;17.0.1&amp;apos;
Driver info: driver.version: ChromeDriver
remote stacktrace: Backtrace:
	Ordinal0 [0x00ABFDC3+2555331]
	Ordinal0 [0x00A577F1+2127857]
	Ordinal0 [0x00952E08+1060360]
	Ordinal0 [0x009719CA+1186250]
	Ordinal0 [0x0096D825+1169445]
	Ordinal0 [0x0096AFC1+1159105]
	Ordinal0 [0x0099C22F+1360431]
	Ordinal0 [0x0099BE9A+1359514]
	Ordinal0 [0x00997976+1341814]
	Ordinal0 [0x009736B6+1193654]
	Ordinal0 [0x00974546+1197382]
	GetHandleVerifier [0x00C59622+1619522]
	GetHandleVerifier [0x00D0882C+2336844]
	GetHandleVerifier [0x00B523E1+541697]
	GetHandleVerifier [0x00B51443+537699]
	Ordinal0 [0x00A5D18E+2150798]
	Ordinal0 [0x00A61518+2168088]
	Ordinal0 [0x00A61660+2168416]
	Ordinal0 [0x00A6B330+2208560]
	BaseThreadInitThunk [0x756E6739+25]
	RtlGetFullPathName_UEx [0x77068E7F+1215]
	RtlGetFullPathName_UEx [0x77068E4D+1165]
">
      <![CDATA[org.openqa.selenium.SessionNotCreatedException: session not created: This version of ChromeDriver only supports Chrome version 97
Current browser version is 99.0.4844.51 with binary path C:\Program Files\Google\Chrome\Application\chrome.exe
Build info: version: '3.141.59', revision: 'e82be7d358', time: '2018-11-14T08:17:03'
System info: host: 'LAPTOP-DJ20R8TG', ip: '192.168.0.101', os.name: 'Windows 10', os.arch: 'amd64', os.version: '10.0', java.version: '17.0.1'
Driver info: driver.version: ChromeDriver
remote stacktrace: Backtrace:
Ordinal0 [0x00ABFDC3+2555331]
Ordinal0 [0x00A577F1+2127857]
Ordinal0 [0x00952E08+1060360]
Ordinal0 [0x009719CA+1186250]
Ordinal0 [0x0096D825+1169445]
Ordinal0 [0x0096AFC1+1159105]
Ordinal0 [0x0099C22F+1360431]
Ordinal0 [0x0099BE9A+1359514]
Ordinal0 [0x00997976+1341814]
Ordinal0 [0x009736B6+1193654]
Ordinal0 [0x00974546+1197382]
GetHandleVerifier [0x00C59622+1619522]
GetHandleVerifier [0x00D0882C+2336844]
GetHandleVerifier [0x00B523E1+541697]
GetHandleVerifier [0x00B51443+537699]
Ordinal0 [0x00A5D18E+2150798]
Ordinal0 [0x00A61518+2168088]
Ordinal0 [0x00A61660+2168416]
Ordinal0 [0x00A6B330+2208560]
BaseThreadInitThunk [0x756E6739+25]
RtlGetFullPathName_UEx [0x77068E7F+1215]
RtlGetFullPathName_UEx [0x77068E4D+1165]

at org.openqa.selenium.remote.W3CHandshakeResponse.lambda$errorHandler$0(W3CHandshakeResponse.java:62)
at org.openqa.selenium.remote.HandshakeResponse.lambda$getResponseFunction$0(HandshakeResponse.java:30)
at org.openqa.selenium.remote.ProtocolHandshake.lambda$createSession$0(ProtocolHandshake.java:126)
at java.base/java.util.stream.ReferencePipeline$3$1.accept(ReferencePipeline.java:197)
at java.base/java.util.Spliterators$ArraySpliterator.tryAdvance(Spliterators.java:1002)
at java.base/java.util.stream.ReferencePipeline.forEachWithCancel(ReferencePipeline.java:129)
at java.base/java.util.stream.AbstractPipeline.copyIntoWithCancel(AbstractPipeline.java:527)
at java.base/java.util.stream.AbstractPipeline.copyInto(AbstractPipeline.java:513)
at java.base/java.util.stream.AbstractPipeline.wrapAndCopyInto(AbstractPipeline.java:499)
at java.base/java.util.stream.FindOps$FindOp.evaluateSequential(FindOps.java:150)
at java.base/java.util.stream.AbstractPipeline.evaluate(AbstractPipeline.java:234)
at java.base/java.util.stream.ReferencePipeline.findFirst(ReferencePipeline.java:647)
at org.openqa.selenium.remote.ProtocolHandshake.createSession(ProtocolHandshake.java:128)
at org.openqa.selenium.remote.ProtocolHandshake.createSession(ProtocolHandshake.java:74)
at org.openqa.selenium.remote.HttpCommandExecutor.execute(HttpCommandExecutor.java:136)
at org.openqa.selenium.remote.service.DriverCommandExecutor.execute(DriverCommandExecutor.java:83)
at org.openqa.selenium.remote.RemoteWebDriver.execute(RemoteWebDriver.java:552)
at org.openqa.selenium.remote.RemoteWebDriver.startSession(RemoteWebDriver.java:213)
at org.openqa.selenium.remote.RemoteWebDriver.<init>(RemoteWebDriver.java:131)
at org.openqa.selenium.chrome.ChromeDriver.<init>(ChromeDriver.java:181)
at org.openqa.selenium.chrome.ChromeDriver.<init>(ChromeDriver.java:168)
at org.openqa.selenium.chrome.ChromeDriver.<init>(ChromeDriver.java:123)
at Test.VerifyCreateNewAccount.lounchBrowser(VerifyCreateNewAccount.java:34)
at java.base/java.util.ArrayList.forEach(ArrayList.java:1511)
... Removed 30 stack frames]]>
    </failure>
  </testcase> <!-- @BeforeClass lounchBrowser -->
  <testcase classname="Test.VerifyCreateNewAccount" name="@BeforeMethod logintoCreatePage" time="-1.647095685038E9">
    <skipped/>
  </testcase> <!-- @BeforeMethod logintoCreatePage -->
  <testcase classname="Test.VerifyCreateNewAccount" name="@AfterMethod logOut" time="-1.647095685042E9">
    <skipped/>
  </testcase> <!-- @AfterMethod logOut -->
  <testcase classname="Test.VerifyCreateNewAccount" name="@BeforeMethod logintoCreatePage" time="-1.647095685044E9">
    <skipped/>
  </testcase> <!-- @BeforeMethod logintoCreatePage -->
  <testcase classname="Test.VerifyCreateNewAccount" name="@AfterMethod logOut" time="-1.647095685048E9">
    <skipped/>
  </testcase> <!-- @AfterMethod logOut -->
  <testcase classname="Test.VerifyCreateNewAccount" name="@BeforeMethod logintoCreatePage" time="-1.647095685051E9">
    <skipped/>
  </testcase> <!-- @BeforeMethod logintoCreatePage -->
  <testcase classname="Test.VerifyCreateNewAccount" name="@AfterMethod logOut" time="-1.647095685055E9">
    <skipped/>
  </testcase> <!-- @AfterMethod logOut -->
  <testcase classname="Test.VerifyCreateNewAccount" name="@BeforeMethod logintoCreatePage" time="-1.647095685056E9">
    <skipped/>
  </testcase> <!-- @BeforeMethod logintoCreatePage -->
  <testcase classname="Test.VerifyCreateNewAccount" name="@AfterMethod logOut" time="-1.64709568506E9">
    <skipped/>
  </testcase> <!-- @AfterMethod logOut -->
  <testcase classname="Test.VerifyCreateNewAccount" name="@BeforeMethod logintoCreatePage" time="-1.647095685062E9">
    <skipped/>
  </testcase> <!-- @BeforeMethod logintoCreatePage -->
  <testcase classname="Test.VerifyCreateNewAccount" name="@AfterMethod logOut" time="-1.647095685066E9">
    <skipped/>
  </testcase> <!-- @AfterMethod logOut -->
  <testcase classname="Test.VerifyCreateNewAccount" name="@BeforeMethod logintoCreatePage" time="-1.647095685069E9">
    <skipped/>
  </testcase> <!-- @BeforeMethod logintoCreatePage -->
  <testcase classname="Test.VerifyCreateNewAccount" name="@AfterMethod logOut" time="-1.647095685072E9">
    <skipped/>
  </testcase> <!-- @AfterMethod logOut -->
  <testcase classname="Test.VerifyCreateNewAccount" name="@BeforeMethod logintoCreatePage" time="-1.647095685077E9">
    <skipped/>
  </testcase> <!-- @BeforeMethod logintoCreatePage -->
  <testcase classname="Test.VerifyCreateNewAccount" name="@AfterMethod logOut" time="-1.647095685081E9">
    <skipped/>
  </testcase> <!-- @AfterMethod logOut -->
  <testcase classname="Test.VerifyCreateNewAccount" name="@BeforeMethod logintoCreatePage" time="-1.647095685084E9">
    <skipped/>
  </testcase> <!-- @BeforeMethod logintoCreatePage -->
  <testcase classname="Test.VerifyCreateNewAccount" name="@AfterMethod logOut" time="-1.64709568509E9">
    <skipped/>
  </testcase> <!-- @AfterMethod logOut -->
  <testcase classname="Test.VerifyCreateNewAccount" name="@BeforeMethod logintoCreatePage" time="-1.647095685091E9">
    <skipped/>
  </testcase> <!-- @BeforeMethod logintoCreatePage -->
  <testcase classname="Test.VerifyCreateNewAccount" name="@AfterMethod logOut" time="-1.647095685095E9">
    <skipped/>
  </testcase> <!-- @AfterMethod logOut -->
  <testcase classname="Test.VerifyCreateNewAccount" name="@BeforeMethod logintoCreatePage" time="-1.647095685096E9">
    <skipped/>
  </testcase> <!-- @BeforeMethod logintoCreatePage -->
  <testcase classname="Test.VerifyCreateNewAccount" name="@AfterMethod logOut" time="-1.647095685102E9">
    <skipped/>
  </testcase> <!-- @AfterMethod logOut -->
  <testcase classname="Test.VerifyCreateNewAccount" name="@BeforeMethod logintoCreatePage" time="-1.647095685103E9">
    <skipped/>
  </testcase> <!-- @BeforeMethod logintoCreatePage -->
  <testcase classname="Test.VerifyCreateNewAccount" name="@AfterMethod logOut" time="-1.647095685105E9">
    <skipped/>
  </testcase> <!-- @AfterMethod logOut -->
  <testcase classname="Test.VerifyCreateNewAccount" name="@AfterClass closeBrowser" time="-1.647095685106E9">
    <skipped/>
  </testcase> <!-- @AfterClass closeBrowser -->
  <testcase classname="Test.VerifyLoginPage" name="verifyLoginPage" time="0.0">
    <skipped/>
  </testcase> <!-- verifyLoginPage -->
  <testcase classname="Test.VerifyLoginPage" name="verifyEmailId" time="0.0">
    <skipped/>
  </testcase> <!-- verifyEmailId -->
  <testcase classname="Test.VerifyLoginPage" name="verifyPassword" time="0.0">
    <skipped/>
  </testcase> <!-- verifyPassword -->
  <testcase classname="Test.VerifyLoginPage" name="verifyLogIn" time="0.0">
    <skipped/>
  </testcase> <!-- verifyLogIn -->
  <testcase classname="Test.VerifyLoginPage" name="verifyforgotPassword" time="0.0">
    <skipped/>
  </testcase> <!-- verifyforgotPassword -->
  <testcase classname="Test.VerifyLoginPage" name="createNewACCount" time="0.0">
    <skipped/>
  </testcase> <!-- createNewACCount -->
  <testcase classname="Test.VerifyCreateNewAccount" name="verifyfirstName" time="0.0">
    <skipped/>
  </testcase> <!-- verifyfirstName -->
  <testcase classname="Test.VerifyCreateNewAccount" name="verifysurname" time="0.0">
    <skipped/>
  </testcase> <!-- verifysurname -->
  <testcase classname="Test.VerifyCreateNewAccount" name="verifymobileNo" time="0.0">
    <skipped/>
  </testcase> <!-- verifymobileNo -->
  <testcase classname="Test.VerifyCreateNewAccount" name="verifypassword" time="0.0">
    <skipped/>
  </testcase> <!-- verifypassword -->
  <testcase classname="Test.VerifyCreateNewAccount" name="verifyDayviaDropDown" time="0.0">
    <skipped/>
  </testcase> <!-- verifyDayviaDropDown -->
  <testcase classname="Test.VerifyCreateNewAccount" name="verifyMonthviaDropDown" time="0.0">
    <skipped/>
  </testcase> <!-- verifyMonthviaDropDown -->
  <testcase classname="Test.VerifyCreateNewAccount" name="verifyYearviaDropDown" time="0.0">
    <skipped/>
  </testcase> <!-- verifyYearviaDropDown -->
  <testcase classname="Test.VerifyCreateNewAccount" name="clickOnFemale" time="0.0">
    <skipped/>
  </testcase> <!-- clickOnFemale -->
  <testcase classname="Test.VerifyCreateNewAccount" name="clickOnMale" time="0.0">
    <skipped/>
  </testcase> <!-- clickOnMale -->
  <testcase classname="Test.VerifyCreateNewAccount" name="clickOnCustom" time="0.0">
    <skipped/>
  </testcase> <!-- clickOnCustom -->
  <testcase classname="Test.VerifyCreateNewAccount" name="clickOnsignIn" time="0.0">
    <skipped/>
  </testcase> <!-- clickOnsignIn -->
</testsuite> <!-- Test1234 -->
