<?xml version="1.0" encoding="UTF-8"?>
<!-- Generated by org.testng.reporters.JUnitXMLReporter -->
<testsuite ignored="1" hostname="LAPTOP-DJ20R8TG" failures="0" tests="5" name="Default test" time="0.089" errors="0" timestamp="2022-03-22T00:37:38 IST">
  <testcase classname="Test.VerifyLoginPage" name="@BeforeTest lounchBrowser" time="-1.647889657619E9">
    <failure type="org.testng.TestNGException" message="
Parameter &amp;apos;browser&amp;apos; is required by BeforeTest on method lounchBrowser but has not been marked @Optional or defined
in C:\Users\INDU\AppData\Local\Temp\testng-eclipse--615690383\testng-customsuite.xml">
      <![CDATA[org.testng.TestNGException: 
Parameter 'browser' is required by BeforeTest on method lounchBrowser but has not been marked @Optional or defined
in C:\Users\INDU\AppData\Local\Temp\testng-eclipse--615690383\testng-customsuite.xml
at org.testng.internal.Parameters.createParams(Parameters.java:270)
at org.testng.internal.Parameters.createParametersForMethod(Parameters.java:358)
at org.testng.internal.Parameters.createParameters(Parameters.java:700)
at org.testng.internal.Parameters.createConfigurationParameters(Parameters.java:168)
at org.testng.internal.ConfigInvoker.invokeConfigurations(ConfigInvoker.java:302)
at org.testng.TestRunner.invokeTestConfigurations(TestRunner.java:637)
at org.testng.TestRunner.beforeRun(TestRunner.java:627)
at org.testng.TestRunner.run(TestRunner.java:589)
at org.testng.SuiteRunner.runTest(SuiteRunner.java:377)
at org.testng.SuiteRunner.runSequentially(SuiteRunner.java:371)
at org.testng.SuiteRunner.privateRun(SuiteRunner.java:332)
at org.testng.SuiteRunner.run(SuiteRunner.java:276)
at org.testng.SuiteRunnerWorker.runSuite(SuiteRunnerWorker.java:53)
at org.testng.SuiteRunnerWorker.run(SuiteRunnerWorker.java:96)
at org.testng.TestNG.runSuitesSequentially(TestNG.java:1212)
at org.testng.TestNG.runSuitesLocally(TestNG.java:1134)
at org.testng.TestNG.runSuites(TestNG.java:1063)
at org.testng.TestNG.run(TestNG.java:1031)
at org.testng.remote.AbstractRemoteTestNG.run(AbstractRemoteTestNG.java:115)
at org.testng.remote.RemoteTestNG.initAndRun(RemoteTestNG.java:251)
at org.testng.remote.RemoteTestNG.main(RemoteTestNG.java:77)
]]>
    </failure>
  </testcase> <!-- @BeforeTest lounchBrowser -->
  <testcase classname="Test.VerifyLoginPage" name="@BeforeClass createObjectOfPOMClasses" time="-1.647889657649E9">
    <skipped/>
  </testcase> <!-- @BeforeClass createObjectOfPOMClasses -->
  <testcase classname="Test.VerifyLoginPage" name="@BeforeMethod loginToApplication" time="-1.647889657666E9">
    <skipped/>
  </testcase> <!-- @BeforeMethod loginToApplication -->
  <testcase classname="Test.VerifyLoginPage" name="@AfterMethod logOut" time="-1.647889657672E9">
    <skipped/>
  </testcase> <!-- @AfterMethod logOut -->
  <testcase classname="Test.VerifyLoginPage" name="@BeforeMethod loginToApplication" time="-1.647889657677E9">
    <skipped/>
  </testcase> <!-- @BeforeMethod loginToApplication -->
  <testcase classname="Test.VerifyLoginPage" name="@AfterMethod logOut" time="-1.647889657681E9">
    <skipped/>
  </testcase> <!-- @AfterMethod logOut -->
  <testcase classname="Test.VerifyLoginPage" name="@BeforeMethod loginToApplication" time="-1.647889657682E9">
    <skipped/>
  </testcase> <!-- @BeforeMethod loginToApplication -->
  <testcase classname="Test.VerifyLoginPage" name="@AfterMethod logOut" time="-1.647889657686E9">
    <skipped/>
  </testcase> <!-- @AfterMethod logOut -->
  <testcase classname="Test.VerifyLoginPage" name="@BeforeMethod loginToApplication" time="-1.64788965769E9">
    <skipped/>
  </testcase> <!-- @BeforeMethod loginToApplication -->
  <testcase classname="Test.VerifyLoginPage" name="@AfterMethod logOut" time="-1.647889657694E9">
    <skipped/>
  </testcase> <!-- @AfterMethod logOut -->
  <testcase classname="Test.VerifyLoginPage" name="@BeforeMethod loginToApplication" time="-1.647889657695E9">
    <skipped/>
  </testcase> <!-- @BeforeMethod loginToApplication -->
  <testcase classname="Test.VerifyLoginPage" name="@AfterMethod logOut" time="-1.647889657698E9">
    <skipped/>
  </testcase> <!-- @AfterMethod logOut -->
  <testcase classname="Test.VerifyLoginPage" name="@AfterClass closeBrowser" time="-1.6478896577E9">
    <skipped/>
  </testcase> <!-- @AfterClass closeBrowser -->
  <testcase classname="Test.VerifyLoginPage" name="@AfterTest closedBrowser" time="-1.647889657702E9">
    <skipped/>
  </testcase> <!-- @AfterTest closedBrowser -->
  <testcase classname="Test.VerifyLoginPage" name="verifyLoginPage" time="0.0">
    <skipped/>
  </testcase> <!-- verifyLoginPage -->
  <testcase classname="Test.VerifyLoginPage" name="verifyEmailId" time="0.0">
    <skipped/>
  </testcase> <!-- verifyEmailId -->
  <testcase classname="Test.VerifyLoginPage" name="verifyLogIn" time="0.0">
    <skipped/>
  </testcase> <!-- verifyLogIn -->
  <testcase classname="Test.VerifyLoginPage" name="verifyforgotPassword" time="0.0">
    <skipped/>
  </testcase> <!-- verifyforgotPassword -->
  <testcase classname="Test.VerifyLoginPage" name="createNewACCount" time="0.0">
    <skipped/>
  </testcase> <!-- createNewACCount -->
  <testcase classname="Test.VerifyLoginPage" name="verifyPassword" time="0.0">
    <ignored/>
  </testcase> <!-- verifyPassword -->
</testsuite> <!-- Default test -->
