<?xml version="1.0" encoding="UTF-8"?>
<!-- Generated by org.testng.reporters.JUnitXMLReporter -->
<testsuite ignored="1" hostname="LAPTOP-DJ20R8TG" failures="2" tests="16" name="ChromeTest" time="423.146" errors="0" timestamp="2022-03-19T16:53:16 IST">
  <testcase classname="Test.VerifyLoginPage" name="@AfterMethod logOut" time="12.175">
    <failure type="org.openqa.selenium.WebDriverException" message="chrome not reachable
  (Session info: chrome=99.0.4844.74)
Build info: version: &amp;apos;3.141.59&amp;apos;, revision: &amp;apos;e82be7d358&amp;apos;, time: &amp;apos;2018-11-14T08:17:03&amp;apos;
System info: host: &amp;apos;LAPTOP-DJ20R8TG&amp;apos;, ip: &amp;apos;192.168.0.101&amp;apos;, os.name: &amp;apos;Windows 10&amp;apos;, os.arch: &amp;apos;amd64&amp;apos;, os.version: &amp;apos;10.0&amp;apos;, java.version: &amp;apos;17.0.1&amp;apos;
Driver info: org.openqa.selenium.chrome.ChromeDriver
Capabilities {acceptInsecureCerts: false, browserName: chrome, browserVersion: 99.0.4844.74, chrome: {chromedriverVersion: 99.0.4844.51 (d537ec02474b5..., userDataDir: C:\Users\INDU\AppData\Local...}, goog:chromeOptions: {debuggerAddress: localhost:60953}, javascriptEnabled: true, networkConnectionEnabled: false, pageLoadStrategy: normal, platform: WINDOWS, platformName: WINDOWS, proxy: Proxy(), setWindowRect: true, strictFileInteractability: false, timeouts: {implicit: 0, pageLoad: 300000, script: 30000}, unhandledPromptBehavior: dismiss and notify, webauthn:extension:credBlob: true, webauthn:extension:largeBlob: true, webauthn:virtualAuthenticators: true}
Session ID: 7e2f9fe07ece244ca24919a386e428f9">
      <![CDATA[org.openqa.selenium.WebDriverException: chrome not reachable
  (Session info: chrome=99.0.4844.74)
Build info: version: '3.141.59', revision: 'e82be7d358', time: '2018-11-14T08:17:03'
System info: host: 'LAPTOP-DJ20R8TG', ip: '192.168.0.101', os.name: 'Windows 10', os.arch: 'amd64', os.version: '10.0', java.version: '17.0.1'
Driver info: org.openqa.selenium.chrome.ChromeDriver
Capabilities {acceptInsecureCerts: false, browserName: chrome, browserVersion: 99.0.4844.74, chrome: {chromedriverVersion: 99.0.4844.51 (d537ec02474b5..., userDataDir: C:\Users\INDU\AppData\Local...}, goog:chromeOptions: {debuggerAddress: localhost:60953}, javascriptEnabled: true, networkConnectionEnabled: false, pageLoadStrategy: normal, platform: WINDOWS, platformName: WINDOWS, proxy: Proxy(), setWindowRect: true, strictFileInteractability: false, timeouts: {implicit: 0, pageLoad: 300000, script: 30000}, unhandledPromptBehavior: dismiss and notify, webauthn:extension:credBlob: true, webauthn:extension:largeBlob: true, webauthn:virtualAuthenticators: true}
Session ID: 7e2f9fe07ece244ca24919a386e428f9
at org.openqa.selenium.remote.http.W3CHttpResponseCodec.createException(W3CHttpResponseCodec.java:187)
at org.openqa.selenium.remote.http.W3CHttpResponseCodec.decode(W3CHttpResponseCodec.java:122)
at org.openqa.selenium.remote.http.W3CHttpResponseCodec.decode(W3CHttpResponseCodec.java:49)
at org.openqa.selenium.remote.HttpCommandExecutor.execute(HttpCommandExecutor.java:158)
at org.openqa.selenium.remote.service.DriverCommandExecutor.execute(DriverCommandExecutor.java:83)
at org.openqa.selenium.remote.RemoteWebDriver.execute(RemoteWebDriver.java:552)
at org.openqa.selenium.remote.RemoteWebDriver.execute(RemoteWebDriver.java:609)
at org.openqa.selenium.remote.RemoteWebDriver.getScreenshotAs(RemoteWebDriver.java:295)
at Utils.Utility.screenshot(Utility.java:56)
at Test.VerifyLoginPage.logOut(VerifyLoginPage.java:334)
at java.base/java.util.concurrent.ThreadPoolExecutor.runWorker(ThreadPoolExecutor.java:1136)
at java.base/java.util.concurrent.ThreadPoolExecutor$Worker.run(ThreadPoolExecutor.java:635)
at java.base/java.lang.Thread.run(Thread.java:833)
... Removed 22 stack frames]]>
    </failure>
  </testcase> <!-- @AfterMethod logOut -->
  <testcase classname="Test.VerifyLoginPage" name="@BeforeMethod loginToApplication" time="-1.647688995611E9">
    <skipped/>
  </testcase> <!-- @BeforeMethod loginToApplication -->
  <testcase classname="Test.VerifyLoginPage" name="@AfterMethod logOut" time="-1.647688995615E9">
    <skipped/>
  </testcase> <!-- @AfterMethod logOut -->
  <testcase classname="Test.VerifyLoginPage" name="@BeforeMethod loginToApplication" time="-1.647688995617E9">
    <skipped/>
  </testcase> <!-- @BeforeMethod loginToApplication -->
  <testcase classname="Test.VerifyLoginPage" name="@AfterMethod logOut" time="-1.647688995621E9">
    <skipped/>
  </testcase> <!-- @AfterMethod logOut -->
  <testcase classname="Test.VerifyLoginPage" name="@AfterClass closeBrowser" time="-1.647688995622E9">
    <skipped/>
  </testcase> <!-- @AfterClass closeBrowser -->
  <testcase classname="Test.VerifyCreateNewAccount" name="verifyfirstName" time="2.125"/>
  <testcase classname="Test.VerifyLoginPage" name="verifyLoginPage" time="0.024">
    <failure type="java.lang.AssertionError" message="The following asserts failed:
	expected [https://ww.facebook.com/] but found [https://www.facebook.com/],
	expected [Faceboo – log in or sign up] but found [Facebook – log in or sign up]">
      <![CDATA[java.lang.AssertionError: The following asserts failed:
expected [https://ww.facebook.com/] but found [https://www.facebook.com/],
expected [Faceboo – log in or sign up] but found [Facebook – log in or sign up]
at Test.VerifyLoginPage.verifyLoginPage(VerifyLoginPage.java:182)
at java.base/java.util.concurrent.ThreadPoolExecutor.runWorker(ThreadPoolExecutor.java:1136)
at java.base/java.util.concurrent.ThreadPoolExecutor$Worker.run(ThreadPoolExecutor.java:635)
at java.base/java.lang.Thread.run(Thread.java:833)
... Removed 14 stack frames]]>
    </failure>
  </testcase> <!-- verifyLoginPage -->
  <testcase classname="Test.VerifyCreateNewAccount" name="verifysurname" time="2.082"/>
  <testcase classname="Test.VerifyLoginPage" name="verifyEmailId" time="0.079"/>
  <testcase classname="Test.VerifyCreateNewAccount" name="verifymobileNo" time="2.096"/>
  <testcase classname="Test.VerifyCreateNewAccount" name="verifypassword" time="2.126"/>
  <testcase classname="Test.VerifyCreateNewAccount" name="verifyDayviaDropDown" time="0.296"/>
  <testcase classname="Test.VerifyCreateNewAccount" name="verifyMonthviaDropDown" time="0.104"/>
  <testcase classname="Test.VerifyCreateNewAccount" name="verifyYearviaDropDown" time="0.105"/>
  <testcase classname="Test.VerifyCreateNewAccount" name="clickOnFemale" time="0.086"/>
  <testcase classname="Test.VerifyCreateNewAccount" name="clickOnMale" time="0.094"/>
  <testcase classname="Test.VerifyCreateNewAccount" name="clickOnCustom" time="0.088"/>
  <testcase classname="Test.VerifyCreateNewAccount" name="clickOnsignIn" time="0.154"/>
  <testcase classname="Test.VerifyLoginPage" name="verifyLogIn" time="297.378">
    <failure type="org.openqa.selenium.WebDriverException" message="Remote browser did not respond to getCurrentUrl
Build info: version: &amp;apos;3.141.59&amp;apos;, revision: &amp;apos;e82be7d358&amp;apos;, time: &amp;apos;2018-11-14T08:17:03&amp;apos;
System info: host: &amp;apos;LAPTOP-DJ20R8TG&amp;apos;, ip: &amp;apos;192.168.0.101&amp;apos;, os.name: &amp;apos;Windows 10&amp;apos;, os.arch: &amp;apos;amd64&amp;apos;, os.version: &amp;apos;10.0&amp;apos;, java.version: &amp;apos;17.0.1&amp;apos;
Driver info: driver.version: RemoteWebDriver">
      <![CDATA[org.openqa.selenium.WebDriverException: Remote browser did not respond to getCurrentUrl
Build info: version: '3.141.59', revision: 'e82be7d358', time: '2018-11-14T08:17:03'
System info: host: 'LAPTOP-DJ20R8TG', ip: '192.168.0.101', os.name: 'Windows 10', os.arch: 'amd64', os.version: '10.0', java.version: '17.0.1'
Driver info: driver.version: RemoteWebDriver
at org.openqa.selenium.remote.RemoteWebDriver.getCurrentUrl(RemoteWebDriver.java:289)
at Test.VerifyLoginPage.verifyLogIn(VerifyLoginPage.java:264)
at java.base/java.util.concurrent.ThreadPoolExecutor.runWorker(ThreadPoolExecutor.java:1136)
at java.base/java.util.concurrent.ThreadPoolExecutor$Worker.run(ThreadPoolExecutor.java:635)
at java.base/java.lang.Thread.run(Thread.java:833)
... Removed 12 stack frames]]>
    </failure>
  </testcase> <!-- verifyLogIn -->
  <testcase classname="Test.VerifyLoginPage" name="verifyforgotPassword" time="0.0">
    <skipped/>
  </testcase> <!-- verifyforgotPassword -->
  <testcase classname="Test.VerifyLoginPage" name="createNewACCount" time="0.0">
    <skipped/>
  </testcase> <!-- createNewACCount -->
  <testcase classname="Test.VerifyLoginPage" name="verifyPassword" time="0.0">
    <ignored/>
  </testcase> <!-- verifyPassword -->
</testsuite> <!-- ChromeTest -->
