<?xml version="1.0" encoding="UTF-8"?>
<!-- Generated by org.testng.reporters.JUnitXMLReporter -->
<testsuite ignored="1" hostname="LAPTOP-DJ20R8TG" failures="1" tests="16" name="EdgeTest" time="343.863" errors="0" timestamp="2022-03-19T17:02:35 IST">
  <testcase classname="Test.VerifyCreateNewAccount" name="verifyfirstName" time="2.111"/>
  <testcase classname="Test.VerifyLoginPage" name="verifyLoginPage" time="0.008">
    <failure type="java.lang.AssertionError" message="The following asserts failed:
	expected [https://ww.facebook.com/] but found [https://www.facebook.com/],
	expected [Faceboo – log in or sign up] but found [Facebook – log in or sign up]">
      <![CDATA[java.lang.AssertionError: The following asserts failed:
expected [https://ww.facebook.com/] but found [https://www.facebook.com/],
expected [Faceboo – log in or sign up] but found [Facebook – log in or sign up]
at Test.VerifyLoginPage.verifyLoginPage(VerifyLoginPage.java:182)
at java.base/java.util.concurrent.ThreadPoolExecutor.runWorker(ThreadPoolExecutor.java:1136)
at java.base/java.util.concurrent.ThreadPoolExecutor$Worker.run(ThreadPoolExecutor.java:635)
at java.base/java.lang.Thread.run(Thread.java:833)
... Removed 14 stack frames]]>
    </failure>
  </testcase> <!-- verifyLoginPage -->
  <testcase classname="Test.VerifyCreateNewAccount" name="verifysurname" time="2.105"/>
  <testcase classname="Test.VerifyLoginPage" name="verifyEmailId" time="0.082"/>
  <testcase classname="Test.VerifyCreateNewAccount" name="verifymobileNo" time="2.169"/>
  <testcase classname="Test.VerifyLoginPage" name="verifyLogIn" time="8.34"/>
  <testcase classname="Test.VerifyCreateNewAccount" name="verifypassword" time="2.087"/>
  <testcase classname="Test.VerifyCreateNewAccount" name="verifyDayviaDropDown" time="0.259"/>
  <testcase classname="Test.VerifyLoginPage" name="verifyforgotPassword" time="1.532"/>
  <testcase classname="Test.VerifyCreateNewAccount" name="verifyMonthviaDropDown" time="0.1"/>
  <testcase classname="Test.VerifyLoginPage" name="createNewACCount" time="0.054"/>
  <testcase classname="Test.VerifyCreateNewAccount" name="verifyYearviaDropDown" time="0.116"/>
  <testcase classname="Test.VerifyCreateNewAccount" name="clickOnFemale" time="0.082"/>
  <testcase classname="Test.VerifyCreateNewAccount" name="clickOnMale" time="0.078"/>
  <testcase classname="Test.VerifyCreateNewAccount" name="clickOnCustom" time="0.094"/>
  <testcase classname="Test.VerifyCreateNewAccount" name="clickOnsignIn" time="0.184"/>
  <testcase classname="Test.VerifyLoginPage" name="verifyPassword" time="0.0">
    <ignored/>
  </testcase> <!-- verifyPassword -->
</testsuite> <!-- EdgeTest -->
