<html>
<head>
<title>TestNG:  EdgeTest</title>
<link href="../testng.css" rel="stylesheet" type="text/css" />
<link href="../my-testng.css" rel="stylesheet" type="text/css" />

<style type="text/css">
.log { display: none;} 
.stack-trace { display: none;} 
</style>
<script type="text/javascript">
<!--
function flip(e) {
  current = e.style.display;
  if (current == 'block') {
    e.style.display = 'none';
    return 0;
  }
  else {
    e.style.display = 'block';
    return 1;
  }
}

function toggleBox(szDivId, elem, msg1, msg2)
{
  var res = -1;  if (document.getElementById) {
    res = flip(document.getElementById(szDivId));
  }
  else if (document.all) {
    // this is the way old msie versions work
    res = flip(document.all[szDivId]);
  }
  if(elem) {
    if(res == 0) elem.innerHTML = msg1; else elem.innerHTML = msg2;
  }

}

function toggleAllBoxes() {
  if (document.getElementsByTagName) {
    d = document.getElementsByTagName('div');
    for (i = 0; i < d.length; i++) {
      if (d[i].className == 'log') {
        flip(d[i]);
      }
    }
  }
}

// -->
</script>

</head>
<body>
<h2 align='center'>EdgeTest</h2><table border='1' align="center">
<tr>
<td>Tests passed/Failed/Skipped:</td><td>15/1/0</td>
</tr><tr>
<td>Started on:</td><td>Sat Mar 19 16:56:51 IST 2022</td>
</tr>
<tr><td>Total time:</td><td>343 seconds (343863 ms)</td>
</tr><tr>
<td>Included groups:</td><td></td>
</tr><tr>
<td>Excluded groups:</td><td></td>
</tr>
</table><p/>
<small><i>(Hover the method name to see the test class name)</i></small><p/>
<table width='100%' border='1' class='invocation-failed'>
<tr><td colspan='4' align='center'><b>FAILED TESTS</b></td></tr>
<tr><td><b>Test method</b></td>
<td width="30%"><b>Exception</b></td>
<td width="10%"><b>Time (seconds)</b></td>
<td><b>Instance</b></td>
</tr>
<tr>
<td title='Test.VerifyLoginPage.verifyLoginPage()'><b>verifyLoginPage</b><br>Test class: Test.VerifyLoginPage</td>
<td><div><pre>java.lang.AssertionError: The following asserts failed:
	expected [https://ww.facebook.com/] but found [https://www.facebook.com/],
	expected [Faceboo – log in or sign up] but found [Facebook – log in or sign up]
	at Test.VerifyLoginPage.verifyLoginPage(VerifyLoginPage.java:182)
	at java.base/java.util.concurrent.ThreadPoolExecutor.runWorker(ThreadPoolExecutor.java:1136)
	at java.base/java.util.concurrent.ThreadPoolExecutor$Worker.run(ThreadPoolExecutor.java:635)
	at java.base/java.lang.Thread.run(Thread.java:833)
... Removed 14 stack frames</pre></div><a href='#' onClick='toggleBox("stack-trace569915581", this, "Click to show all stack frames", "Click to hide stack frames")'>Click to show all stack frames</a>
<div class='stack-trace' id='stack-trace569915581'><pre>java.lang.AssertionError: The following asserts failed:
	expected [https://ww.facebook.com/] but found [https://www.facebook.com/],
	expected [Faceboo – log in or sign up] but found [Facebook – log in or sign up]
	at org.testng.asserts.SoftAssert.assertAll(SoftAssert.java:47)
	at org.testng.asserts.SoftAssert.assertAll(SoftAssert.java:31)
	at Test.VerifyLoginPage.verifyLoginPage(VerifyLoginPage.java:182)
	at java.base/jdk.internal.reflect.NativeMethodAccessorImpl.invoke0(Native Method)
	at java.base/jdk.internal.reflect.NativeMethodAccessorImpl.invoke(NativeMethodAccessorImpl.java:77)
	at java.base/jdk.internal.reflect.DelegatingMethodAccessorImpl.invoke(DelegatingMethodAccessorImpl.java:43)
	at java.base/java.lang.reflect.Method.invoke(Method.java:568)
	at org.testng.internal.MethodInvocationHelper.invokeMethod(MethodInvocationHelper.java:133)
	at org.testng.internal.TestInvoker.invokeMethod(TestInvoker.java:598)
	at org.testng.internal.TestInvoker.invokeTestMethod(TestInvoker.java:173)
	at org.testng.internal.MethodRunner.runInSequence(MethodRunner.java:46)
	at org.testng.internal.TestInvoker$MethodInvocationAgent.invoke(TestInvoker.java:824)
	at org.testng.internal.TestInvoker.invokeTestMethods(TestInvoker.java:146)
	at org.testng.internal.TestMethodWorker.invokeTestMethods(TestMethodWorker.java:146)
	at org.testng.internal.TestMethodWorker.run(TestMethodWorker.java:128)
	at java.base/java.util.concurrent.ThreadPoolExecutor.runWorker(ThreadPoolExecutor.java:1136)
	at java.base/java.util.concurrent.ThreadPoolExecutor$Worker.run(ThreadPoolExecutor.java:635)
	at java.base/java.lang.Thread.run(Thread.java:833)
</pre></div></td>
<td>0</td>
<td>Test.VerifyLoginPage@67f639d3</td></tr>
</table><p>
<table width='100%' border='1' class='invocation-passed'>
<tr><td colspan='4' align='center'><b>PASSED TESTS</b></td></tr>
<tr><td><b>Test method</b></td>
<td width="30%"><b>Exception</b></td>
<td width="10%"><b>Time (seconds)</b></td>
<td><b>Instance</b></td>
</tr>
<tr>
<td title='Test.VerifyCreateNewAccount.clickOnCustom()'><b>clickOnCustom</b><br>Test class: Test.VerifyCreateNewAccount</td>
<td></td>
<td>0</td>
<td>Test.VerifyCreateNewAccount@6253c26</td></tr>
<tr>
<td title='Test.VerifyCreateNewAccount.verifyfirstName()'><b>verifyfirstName</b><br>Test class: Test.VerifyCreateNewAccount</td>
<td></td>
<td>2</td>
<td>Test.VerifyCreateNewAccount@6253c26</td></tr>
<tr>
<td title='Test.VerifyCreateNewAccount.verifymobileNo()'><b>verifymobileNo</b><br>Test class: Test.VerifyCreateNewAccount</td>
<td></td>
<td>2</td>
<td>Test.VerifyCreateNewAccount@6253c26</td></tr>
<tr>
<td title='Test.VerifyCreateNewAccount.verifyDayviaDropDown()'><b>verifyDayviaDropDown</b><br>Test class: Test.VerifyCreateNewAccount</td>
<td></td>
<td>0</td>
<td>Test.VerifyCreateNewAccount@6253c26</td></tr>
<tr>
<td title='Test.VerifyCreateNewAccount.clickOnFemale()'><b>clickOnFemale</b><br>Test class: Test.VerifyCreateNewAccount</td>
<td></td>
<td>0</td>
<td>Test.VerifyCreateNewAccount@6253c26</td></tr>
<tr>
<td title='Test.VerifyCreateNewAccount.clickOnsignIn()'><b>clickOnsignIn</b><br>Test class: Test.VerifyCreateNewAccount</td>
<td></td>
<td>0</td>
<td>Test.VerifyCreateNewAccount@6253c26</td></tr>
<tr>
<td title='Test.VerifyLoginPage.verifyLogIn()'><b>verifyLogIn</b><br>Test class: Test.VerifyLoginPage</td>
<td></td>
<td>8</td>
<td>Test.VerifyLoginPage@67f639d3</td></tr>
<tr>
<td title='Test.VerifyCreateNewAccount.verifypassword()'><b>verifypassword</b><br>Test class: Test.VerifyCreateNewAccount</td>
<td></td>
<td>2</td>
<td>Test.VerifyCreateNewAccount@6253c26</td></tr>
<tr>
<td title='Test.VerifyCreateNewAccount.verifyMonthviaDropDown()'><b>verifyMonthviaDropDown</b><br>Test class: Test.VerifyCreateNewAccount</td>
<td></td>
<td>0</td>
<td>Test.VerifyCreateNewAccount@6253c26</td></tr>
<tr>
<td title='Test.VerifyLoginPage.createNewACCount()'><b>createNewACCount</b><br>Test class: Test.VerifyLoginPage</td>
<td></td>
<td>0</td>
<td>Test.VerifyLoginPage@67f639d3</td></tr>
<tr>
<td title='Test.VerifyLoginPage.verifyEmailId()'><b>verifyEmailId</b><br>Test class: Test.VerifyLoginPage</td>
<td></td>
<td>0</td>
<td>Test.VerifyLoginPage@67f639d3</td></tr>
<tr>
<td title='Test.VerifyCreateNewAccount.clickOnMale()'><b>clickOnMale</b><br>Test class: Test.VerifyCreateNewAccount</td>
<td></td>
<td>0</td>
<td>Test.VerifyCreateNewAccount@6253c26</td></tr>
<tr>
<td title='Test.VerifyLoginPage.verifyforgotPassword()'><b>verifyforgotPassword</b><br>Test class: Test.VerifyLoginPage</td>
<td></td>
<td>1</td>
<td>Test.VerifyLoginPage@67f639d3</td></tr>
<tr>
<td title='Test.VerifyCreateNewAccount.verifyYearviaDropDown()'><b>verifyYearviaDropDown</b><br>Test class: Test.VerifyCreateNewAccount</td>
<td></td>
<td>0</td>
<td>Test.VerifyCreateNewAccount@6253c26</td></tr>
<tr>
<td title='Test.VerifyCreateNewAccount.verifysurname()'><b>verifysurname</b><br>Test class: Test.VerifyCreateNewAccount</td>
<td></td>
<td>2</td>
<td>Test.VerifyCreateNewAccount@6253c26</td></tr>
</table><p>
</body>
</html>