<?xml version="1.0" encoding="UTF-8"?>
<!-- Generated by org.testng.reporters.JUnitXMLReporter -->
<testsuite ignored="0" hostname="LAPTOP-DJ20R8TG" failures="0" tests="17" name="FirefoxTest" time="3.021" errors="0" timestamp="2022-03-13T16:53:03 IST">
  <testcase classname="Test.VerifyCreateNewAccount" name="@BeforeMethod logintoCreatePage" time="2.0">
    <failure type="java.lang.NullPointerException" message="Cannot invoke &amp;quot;org.openqa.selenium.WebDriver.get(String)&amp;quot; because &amp;quot;this.driver&amp;quot; is null">
      <![CDATA[java.lang.NullPointerException: Cannot invoke "org.openqa.selenium.WebDriver.get(String)" because "this.driver" is null
at Test.VerifyCreateNewAccount.logintoCreatePage(VerifyCreateNewAccount.java:104)
at java.base/java.util.concurrent.ThreadPoolExecutor.runWorker(ThreadPoolExecutor.java:1136)
at java.base/java.util.concurrent.ThreadPoolExecutor$Worker.run(ThreadPoolExecutor.java:635)
at java.base/java.lang.Thread.run(Thread.java:833)
... Removed 16 stack frames]]>
    </failure>
  </testcase> <!-- @BeforeMethod logintoCreatePage -->
  <testcase classname="Test.VerifyCreateNewAccount" name="@AfterMethod logOut" time="-1.647170582611E9">
    <skipped/>
  </testcase> <!-- @AfterMethod logOut -->
  <testcase classname="Test.VerifyCreateNewAccount" name="@BeforeMethod logintoCreatePage" time="-1.647170582613E9">
    <skipped/>
  </testcase> <!-- @BeforeMethod logintoCreatePage -->
  <testcase classname="Test.VerifyCreateNewAccount" name="@AfterMethod logOut" time="-1.647170582615E9">
    <skipped/>
  </testcase> <!-- @AfterMethod logOut -->
  <testcase classname="Test.VerifyCreateNewAccount" name="@BeforeMethod logintoCreatePage" time="-1.647170582616E9">
    <skipped/>
  </testcase> <!-- @BeforeMethod logintoCreatePage -->
  <testcase classname="Test.VerifyCreateNewAccount" name="@AfterMethod logOut" time="-1.647170582619E9">
    <skipped/>
  </testcase> <!-- @AfterMethod logOut -->
  <testcase classname="Test.VerifyCreateNewAccount" name="@BeforeMethod logintoCreatePage" time="-1.647170582621E9">
    <skipped/>
  </testcase> <!-- @BeforeMethod logintoCreatePage -->
  <testcase classname="Test.VerifyCreateNewAccount" name="@AfterMethod logOut" time="-1.647170582623E9">
    <skipped/>
  </testcase> <!-- @AfterMethod logOut -->
  <testcase classname="Test.VerifyCreateNewAccount" name="@BeforeMethod logintoCreatePage" time="-1.647170582625E9">
    <skipped/>
  </testcase> <!-- @BeforeMethod logintoCreatePage -->
  <testcase classname="Test.VerifyCreateNewAccount" name="@AfterMethod logOut" time="-1.647170582628E9">
    <skipped/>
  </testcase> <!-- @AfterMethod logOut -->
  <testcase classname="Test.VerifyCreateNewAccount" name="@BeforeMethod logintoCreatePage" time="-1.647170582629E9">
    <skipped/>
  </testcase> <!-- @BeforeMethod logintoCreatePage -->
  <testcase classname="Test.VerifyCreateNewAccount" name="@AfterMethod logOut" time="-1.647170582634E9">
    <skipped/>
  </testcase> <!-- @AfterMethod logOut -->
  <testcase classname="Test.VerifyCreateNewAccount" name="@BeforeMethod logintoCreatePage" time="-1.647170582636E9">
    <skipped/>
  </testcase> <!-- @BeforeMethod logintoCreatePage -->
  <testcase classname="Test.VerifyCreateNewAccount" name="@AfterMethod logOut" time="-1.647170582638E9">
    <skipped/>
  </testcase> <!-- @AfterMethod logOut -->
  <testcase classname="Test.VerifyCreateNewAccount" name="@BeforeMethod logintoCreatePage" time="-1.64717058264E9">
    <skipped/>
  </testcase> <!-- @BeforeMethod logintoCreatePage -->
  <testcase classname="Test.VerifyCreateNewAccount" name="@AfterMethod logOut" time="-1.647170582642E9">
    <skipped/>
  </testcase> <!-- @AfterMethod logOut -->
  <testcase classname="Test.VerifyCreateNewAccount" name="@BeforeMethod logintoCreatePage" time="-1.647170582643E9">
    <skipped/>
  </testcase> <!-- @BeforeMethod logintoCreatePage -->
  <testcase classname="Test.VerifyCreateNewAccount" name="@AfterMethod logOut" time="-1.647170582645E9">
    <skipped/>
  </testcase> <!-- @AfterMethod logOut -->
  <testcase classname="Test.VerifyCreateNewAccount" name="@BeforeMethod logintoCreatePage" time="-1.647170582645E9">
    <skipped/>
  </testcase> <!-- @BeforeMethod logintoCreatePage -->
  <testcase classname="Test.VerifyCreateNewAccount" name="@AfterMethod logOut" time="-1.647170582648E9">
    <skipped/>
  </testcase> <!-- @AfterMethod logOut -->
  <testcase classname="Test.VerifyCreateNewAccount" name="@BeforeMethod logintoCreatePage" time="-1.647170582649E9">
    <skipped/>
  </testcase> <!-- @BeforeMethod logintoCreatePage -->
  <testcase classname="Test.VerifyCreateNewAccount" name="@AfterMethod logOut" time="-1.64717058265E9">
    <skipped/>
  </testcase> <!-- @AfterMethod logOut -->
  <testcase classname="Test.VerifyCreateNewAccount" name="@AfterClass closeBrowser" time="-1.647170582651E9">
    <skipped/>
  </testcase> <!-- @AfterClass closeBrowser -->
  <testcase classname="Test.VerifyLoginPage" name="@BeforeMethod loginToApplication" time="3.002">
    <failure type="java.lang.NullPointerException" message="Cannot invoke &amp;quot;org.openqa.selenium.WebDriver.navigate()&amp;quot; because &amp;quot;this.driver&amp;quot; is null">
      <![CDATA[java.lang.NullPointerException: Cannot invoke "org.openqa.selenium.WebDriver.navigate()" because "this.driver" is null
at Test.VerifyLoginPage.loginToApplication(VerifyLoginPage.java:102)
at java.base/java.util.concurrent.ThreadPoolExecutor.runWorker(ThreadPoolExecutor.java:1136)
at java.base/java.util.concurrent.ThreadPoolExecutor$Worker.run(ThreadPoolExecutor.java:635)
at java.base/java.lang.Thread.run(Thread.java:833)
... Removed 16 stack frames]]>
    </failure>
  </testcase> <!-- @BeforeMethod loginToApplication -->
  <testcase classname="Test.VerifyLoginPage" name="@AfterMethod logOut" time="-1.64717058361E9">
    <skipped/>
  </testcase> <!-- @AfterMethod logOut -->
  <testcase classname="Test.VerifyLoginPage" name="@BeforeMethod loginToApplication" time="-1.647170583611E9">
    <skipped/>
  </testcase> <!-- @BeforeMethod loginToApplication -->
  <testcase classname="Test.VerifyLoginPage" name="@AfterMethod logOut" time="-1.647170583613E9">
    <skipped/>
  </testcase> <!-- @AfterMethod logOut -->
  <testcase classname="Test.VerifyLoginPage" name="@BeforeMethod loginToApplication" time="-1.647170583614E9">
    <skipped/>
  </testcase> <!-- @BeforeMethod loginToApplication -->
  <testcase classname="Test.VerifyLoginPage" name="@AfterMethod logOut" time="-1.647170583616E9">
    <skipped/>
  </testcase> <!-- @AfterMethod logOut -->
  <testcase classname="Test.VerifyLoginPage" name="@BeforeMethod loginToApplication" time="-1.647170583617E9">
    <skipped/>
  </testcase> <!-- @BeforeMethod loginToApplication -->
  <testcase classname="Test.VerifyLoginPage" name="@AfterMethod logOut" time="-1.647170583618E9">
    <skipped/>
  </testcase> <!-- @AfterMethod logOut -->
  <testcase classname="Test.VerifyLoginPage" name="@BeforeMethod loginToApplication" time="-1.647170583619E9">
    <skipped/>
  </testcase> <!-- @BeforeMethod loginToApplication -->
  <testcase classname="Test.VerifyLoginPage" name="@AfterMethod logOut" time="-1.64717058362E9">
    <skipped/>
  </testcase> <!-- @AfterMethod logOut -->
  <testcase classname="Test.VerifyLoginPage" name="@BeforeMethod loginToApplication" time="-1.64717058362E9">
    <skipped/>
  </testcase> <!-- @BeforeMethod loginToApplication -->
  <testcase classname="Test.VerifyLoginPage" name="@AfterMethod logOut" time="-1.647170583621E9">
    <skipped/>
  </testcase> <!-- @AfterMethod logOut -->
  <testcase classname="Test.VerifyLoginPage" name="@AfterClass closeBrowser" time="-1.647170583622E9">
    <skipped/>
  </testcase> <!-- @AfterClass closeBrowser -->
  <testcase classname="Test.VerifyCreateNewAccount" name="@AfterTest closedBrowser" time="-1.647170583622E9">
    <skipped/>
  </testcase> <!-- @AfterTest closedBrowser -->
  <testcase classname="Test.VerifyLoginPage" name="@AfterTest closedBrowser" time="-1.647170583623E9">
    <skipped/>
  </testcase> <!-- @AfterTest closedBrowser -->
  <testcase classname="Test.VerifyCreateNewAccount" name="verifyfirstName" time="0.0">
    <skipped/>
  </testcase> <!-- verifyfirstName -->
  <testcase classname="Test.VerifyCreateNewAccount" name="verifysurname" time="0.0">
    <skipped/>
  </testcase> <!-- verifysurname -->
  <testcase classname="Test.VerifyCreateNewAccount" name="verifymobileNo" time="0.0">
    <skipped/>
  </testcase> <!-- verifymobileNo -->
  <testcase classname="Test.VerifyCreateNewAccount" name="verifypassword" time="0.0">
    <skipped/>
  </testcase> <!-- verifypassword -->
  <testcase classname="Test.VerifyCreateNewAccount" name="verifyDayviaDropDown" time="0.0">
    <skipped/>
  </testcase> <!-- verifyDayviaDropDown -->
  <testcase classname="Test.VerifyCreateNewAccount" name="verifyMonthviaDropDown" time="0.0">
    <skipped/>
  </testcase> <!-- verifyMonthviaDropDown -->
  <testcase classname="Test.VerifyCreateNewAccount" name="verifyYearviaDropDown" time="0.0">
    <skipped/>
  </testcase> <!-- verifyYearviaDropDown -->
  <testcase classname="Test.VerifyCreateNewAccount" name="clickOnFemale" time="0.0">
    <skipped/>
  </testcase> <!-- clickOnFemale -->
  <testcase classname="Test.VerifyCreateNewAccount" name="clickOnMale" time="0.0">
    <skipped/>
  </testcase> <!-- clickOnMale -->
  <testcase classname="Test.VerifyCreateNewAccount" name="clickOnCustom" time="0.0">
    <skipped/>
  </testcase> <!-- clickOnCustom -->
  <testcase classname="Test.VerifyCreateNewAccount" name="clickOnsignIn" time="0.0">
    <skipped/>
  </testcase> <!-- clickOnsignIn -->
  <testcase classname="Test.VerifyLoginPage" name="verifyLoginPage" time="0.0">
    <skipped/>
  </testcase> <!-- verifyLoginPage -->
  <testcase classname="Test.VerifyLoginPage" name="verifyEmailId" time="0.0">
    <skipped/>
  </testcase> <!-- verifyEmailId -->
  <testcase classname="Test.VerifyLoginPage" name="verifyPassword" time="0.0">
    <skipped/>
  </testcase> <!-- verifyPassword -->
  <testcase classname="Test.VerifyLoginPage" name="verifyLogIn" time="0.0">
    <skipped/>
  </testcase> <!-- verifyLogIn -->
  <testcase classname="Test.VerifyLoginPage" name="verifyforgotPassword" time="0.0">
    <skipped/>
  </testcase> <!-- verifyforgotPassword -->
  <testcase classname="Test.VerifyLoginPage" name="createNewACCount" time="0.0">
    <skipped/>
  </testcase> <!-- createNewACCount -->
</testsuite> <!-- FirefoxTest -->
