<?xml version="1.0" encoding="UTF-8"?>
<!-- Generated by org.testng.reporters.JUnitXMLReporter -->
<testsuite ignored="1" hostname="LAPTOP-DJ20R8TG" failures="2" tests="16" name="OperaTest" time="215.179" errors="0" timestamp="2022-03-19T16:56:51 IST">
  <testcase classname="Test.VerifyLoginPage" name="@AfterMethod logOut" time="0.009">
    <failure type="org.openqa.selenium.NoSuchWindowException" message="no such window: target window already closed
from unknown error: web view not found
  (Session info: chrome=98.0.4758.109)
  (Driver info: operadriver=98.0.4758.82 (199fc4f2ce08413e0126f4e98393232412a76ab6-refs/branch-heads/4758@{#974}),platform=Windows NT 10.0.22000 x86_64) (WARNING: The server did not provide any stacktrace information)
Command duration or timeout: 0 milliseconds
Build info: version: &amp;apos;3.141.59&amp;apos;, revision: &amp;apos;e82be7d358&amp;apos;, time: &amp;apos;2018-11-14T08:17:03&amp;apos;
System info: host: &amp;apos;LAPTOP-DJ20R8TG&amp;apos;, ip: &amp;apos;192.168.0.101&amp;apos;, os.name: &amp;apos;Windows 10&amp;apos;, os.arch: &amp;apos;amd64&amp;apos;, os.version: &amp;apos;10.0&amp;apos;, java.version: &amp;apos;17.0.1&amp;apos;
Driver info: org.openqa.selenium.opera.OperaDriver
Capabilities {acceptInsecureCerts: false, acceptSslCerts: false, browserConnectionEnabled: false, browserName: opera, cssSelectorsEnabled: true, databaseEnabled: false, goog:chromeOptions: {debuggerAddress: localhost:61049}, handlesAlerts: true, hasTouchScreen: false, javascriptEnabled: true, locationContextEnabled: true, mobileEmulationEnabled: false, nativeEvents: true, networkConnectionEnabled: false, opera: {operadriverVersion: 98.0.4758.82 (199fc4f2ce084..., userDataDir: C:\Users\INDU\AppData\Local...}, pageLoadStrategy: normal, platform: WINDOWS, platformName: WINDOWS, proxy: Proxy(), rotatable: false, setWindowRect: true, strictFileInteractability: false, takesHeapSnapshot: true, takesScreenshot: true, timeouts: {implicit: 0, pageLoad: 300000, script: 30000}, unexpectedAlertBehaviour: ignore, unhandledPromptBehavior: ignore, version: 98.0.4758.109, webStorageEnabled: true, webauthn:extension:credBlob: true, webauthn:extension:largeBlob: true, webauthn:virtualAuthenticators: true}
Session ID: f49db8d36601e7b796147cdafba3528f">
      <![CDATA[org.openqa.selenium.NoSuchWindowException: no such window: target window already closed
from unknown error: web view not found
  (Session info: chrome=98.0.4758.109)
  (Driver info: operadriver=98.0.4758.82 (199fc4f2ce08413e0126f4e98393232412a76ab6-refs/branch-heads/4758@{#974}),platform=Windows NT 10.0.22000 x86_64) (WARNING: The server did not provide any stacktrace information)
Command duration or timeout: 0 milliseconds
Build info: version: '3.141.59', revision: 'e82be7d358', time: '2018-11-14T08:17:03'
System info: host: 'LAPTOP-DJ20R8TG', ip: '192.168.0.101', os.name: 'Windows 10', os.arch: 'amd64', os.version: '10.0', java.version: '17.0.1'
Driver info: org.openqa.selenium.opera.OperaDriver
Capabilities {acceptInsecureCerts: false, acceptSslCerts: false, browserConnectionEnabled: false, browserName: opera, cssSelectorsEnabled: true, databaseEnabled: false, goog:chromeOptions: {debuggerAddress: localhost:61049}, handlesAlerts: true, hasTouchScreen: false, javascriptEnabled: true, locationContextEnabled: true, mobileEmulationEnabled: false, nativeEvents: true, networkConnectionEnabled: false, opera: {operadriverVersion: 98.0.4758.82 (199fc4f2ce084..., userDataDir: C:\Users\INDU\AppData\Local...}, pageLoadStrategy: normal, platform: WINDOWS, platformName: WINDOWS, proxy: Proxy(), rotatable: false, setWindowRect: true, strictFileInteractability: false, takesHeapSnapshot: true, takesScreenshot: true, timeouts: {implicit: 0, pageLoad: 300000, script: 30000}, unexpectedAlertBehaviour: ignore, unhandledPromptBehavior: ignore, version: 98.0.4758.109, webStorageEnabled: true, webauthn:extension:credBlob: true, webauthn:extension:largeBlob: true, webauthn:virtualAuthenticators: true}
Session ID: f49db8d36601e7b796147cdafba3528f
at org.openqa.selenium.remote.ErrorHandler.createThrowable(ErrorHandler.java:214)
at org.openqa.selenium.remote.ErrorHandler.throwIfResponseFailed(ErrorHandler.java:166)
at org.openqa.selenium.remote.http.JsonHttpResponseCodec.reconstructValue(JsonHttpResponseCodec.java:40)
at org.openqa.selenium.remote.http.AbstractHttpResponseCodec.decode(AbstractHttpResponseCodec.java:80)
at org.openqa.selenium.remote.http.AbstractHttpResponseCodec.decode(AbstractHttpResponseCodec.java:44)
at org.openqa.selenium.remote.HttpCommandExecutor.execute(HttpCommandExecutor.java:158)
at org.openqa.selenium.remote.service.DriverCommandExecutor.execute(DriverCommandExecutor.java:83)
at org.openqa.selenium.remote.RemoteWebDriver.execute(RemoteWebDriver.java:552)
at org.openqa.selenium.remote.RemoteWebDriver.execute(RemoteWebDriver.java:609)
at org.openqa.selenium.remote.RemoteWebDriver.getScreenshotAs(RemoteWebDriver.java:295)
at Utils.Utility.screenshot(Utility.java:56)
at Test.VerifyLoginPage.logOut(VerifyLoginPage.java:334)
at java.base/java.util.concurrent.ThreadPoolExecutor.runWorker(ThreadPoolExecutor.java:1136)
at java.base/java.util.concurrent.ThreadPoolExecutor$Worker.run(ThreadPoolExecutor.java:635)
at java.base/java.lang.Thread.run(Thread.java:833)
... Removed 22 stack frames]]>
    </failure>
  </testcase> <!-- @AfterMethod logOut -->
  <testcase classname="Test.VerifyLoginPage" name="@BeforeMethod loginToApplication" time="-1.647689200579E9">
    <skipped/>
  </testcase> <!-- @BeforeMethod loginToApplication -->
  <testcase classname="Test.VerifyLoginPage" name="@AfterMethod logOut" time="-1.647689200582E9">
    <skipped/>
  </testcase> <!-- @AfterMethod logOut -->
  <testcase classname="Test.VerifyLoginPage" name="@BeforeMethod loginToApplication" time="-1.647689200583E9">
    <skipped/>
  </testcase> <!-- @BeforeMethod loginToApplication -->
  <testcase classname="Test.VerifyLoginPage" name="@AfterMethod logOut" time="-1.647689200587E9">
    <skipped/>
  </testcase> <!-- @AfterMethod logOut -->
  <testcase classname="Test.VerifyLoginPage" name="@AfterClass closeBrowser" time="-1.647689200588E9">
    <skipped/>
  </testcase> <!-- @AfterClass closeBrowser -->
  <testcase classname="Test.VerifyCreateNewAccount" name="@BeforeMethod logintoCreatePage" time="25.035">
    <failure type="org.openqa.selenium.WebDriverException" message="chrome not reachable
  (Session info: chrome=98.0.4758.109)
  (Driver info: operadriver=98.0.4758.82 (199fc4f2ce08413e0126f4e98393232412a76ab6-refs/branch-heads/4758@{#974}),platform=Windows NT 10.0.22000 x86_64) (WARNING: The server did not provide any stacktrace information)
Command duration or timeout: 0 milliseconds
Build info: version: &amp;apos;3.141.59&amp;apos;, revision: &amp;apos;e82be7d358&amp;apos;, time: &amp;apos;2018-11-14T08:17:03&amp;apos;
System info: host: &amp;apos;LAPTOP-DJ20R8TG&amp;apos;, ip: &amp;apos;192.168.0.101&amp;apos;, os.name: &amp;apos;Windows 10&amp;apos;, os.arch: &amp;apos;amd64&amp;apos;, os.version: &amp;apos;10.0&amp;apos;, java.version: &amp;apos;17.0.1&amp;apos;
Driver info: org.openqa.selenium.opera.OperaDriver
Capabilities {acceptInsecureCerts: false, acceptSslCerts: false, browserConnectionEnabled: false, browserName: opera, cssSelectorsEnabled: true, databaseEnabled: false, goog:chromeOptions: {debuggerAddress: localhost:61026}, handlesAlerts: true, hasTouchScreen: false, javascriptEnabled: true, locationContextEnabled: true, mobileEmulationEnabled: false, nativeEvents: true, networkConnectionEnabled: false, opera: {operadriverVersion: 98.0.4758.82 (199fc4f2ce084..., userDataDir: C:\Users\INDU\AppData\Local...}, pageLoadStrategy: normal, platform: WINDOWS, platformName: WINDOWS, proxy: Proxy(), rotatable: false, setWindowRect: true, strictFileInteractability: false, takesHeapSnapshot: true, takesScreenshot: true, timeouts: {implicit: 0, pageLoad: 300000, script: 30000}, unexpectedAlertBehaviour: ignore, unhandledPromptBehavior: ignore, version: 98.0.4758.109, webStorageEnabled: true, webauthn:extension:credBlob: true, webauthn:extension:largeBlob: true, webauthn:virtualAuthenticators: true}
Session ID: 7202821d9e3fc6f8b109a3fd99040c7a
*** Element info: {Using=xpath, value=//input[@name=&amp;apos;firstname&amp;apos;]}">
      <![CDATA[org.openqa.selenium.WebDriverException: chrome not reachable
  (Session info: chrome=98.0.4758.109)
  (Driver info: operadriver=98.0.4758.82 (199fc4f2ce08413e0126f4e98393232412a76ab6-refs/branch-heads/4758@{#974}),platform=Windows NT 10.0.22000 x86_64) (WARNING: The server did not provide any stacktrace information)
Command duration or timeout: 0 milliseconds
Build info: version: '3.141.59', revision: 'e82be7d358', time: '2018-11-14T08:17:03'
System info: host: 'LAPTOP-DJ20R8TG', ip: '192.168.0.101', os.name: 'Windows 10', os.arch: 'amd64', os.version: '10.0', java.version: '17.0.1'
Driver info: org.openqa.selenium.opera.OperaDriver
Capabilities {acceptInsecureCerts: false, acceptSslCerts: false, browserConnectionEnabled: false, browserName: opera, cssSelectorsEnabled: true, databaseEnabled: false, goog:chromeOptions: {debuggerAddress: localhost:61026}, handlesAlerts: true, hasTouchScreen: false, javascriptEnabled: true, locationContextEnabled: true, mobileEmulationEnabled: false, nativeEvents: true, networkConnectionEnabled: false, opera: {operadriverVersion: 98.0.4758.82 (199fc4f2ce084..., userDataDir: C:\Users\INDU\AppData\Local...}, pageLoadStrategy: normal, platform: WINDOWS, platformName: WINDOWS, proxy: Proxy(), rotatable: false, setWindowRect: true, strictFileInteractability: false, takesHeapSnapshot: true, takesScreenshot: true, timeouts: {implicit: 0, pageLoad: 300000, script: 30000}, unexpectedAlertBehaviour: ignore, unhandledPromptBehavior: ignore, version: 98.0.4758.109, webStorageEnabled: true, webauthn:extension:credBlob: true, webauthn:extension:largeBlob: true, webauthn:virtualAuthenticators: true}
Session ID: 7202821d9e3fc6f8b109a3fd99040c7a
*** Element info: {Using=xpath, value=//input[@name='firstname']}
at org.openqa.selenium.remote.ErrorHandler.createThrowable(ErrorHandler.java:214)
at org.openqa.selenium.remote.ErrorHandler.throwIfResponseFailed(ErrorHandler.java:166)
at org.openqa.selenium.remote.http.JsonHttpResponseCodec.reconstructValue(JsonHttpResponseCodec.java:40)
at org.openqa.selenium.remote.http.AbstractHttpResponseCodec.decode(AbstractHttpResponseCodec.java:80)
at org.openqa.selenium.remote.http.AbstractHttpResponseCodec.decode(AbstractHttpResponseCodec.java:44)
at org.openqa.selenium.remote.HttpCommandExecutor.execute(HttpCommandExecutor.java:158)
at org.openqa.selenium.remote.service.DriverCommandExecutor.execute(DriverCommandExecutor.java:83)
at org.openqa.selenium.remote.RemoteWebDriver.execute(RemoteWebDriver.java:552)
at org.openqa.selenium.remote.RemoteWebDriver.findElement(RemoteWebDriver.java:323)
at org.openqa.selenium.remote.RemoteWebDriver.findElementByXPath(RemoteWebDriver.java:428)
at org.openqa.selenium.By$ByXPath.findElement(By.java:353)
at org.openqa.selenium.remote.RemoteWebDriver.findElement(RemoteWebDriver.java:315)
at org.openqa.selenium.support.pagefactory.DefaultElementLocator.findElement(DefaultElementLocator.java:69)
at org.openqa.selenium.support.pagefactory.internal.LocatingElementHandler.invoke(LocatingElementHandler.java:38)
at jdk.proxy2/jdk.proxy2.$Proxy17.click(Unknown Source)
at Facebook.CreateNewAccount.clickOnfirstName(CreateNewAccount.java:72)
at Test.VerifyCreateNewAccount.logintoCreatePage(VerifyCreateNewAccount.java:163)
at java.base/java.util.concurrent.ThreadPoolExecutor.runWorker(ThreadPoolExecutor.java:1136)
at java.base/java.util.concurrent.ThreadPoolExecutor$Worker.run(ThreadPoolExecutor.java:635)
at java.base/java.lang.Thread.run(Thread.java:833)
... Removed 20 stack frames]]>
    </failure>
  </testcase> <!-- @BeforeMethod logintoCreatePage -->
  <testcase classname="Test.VerifyCreateNewAccount" name="@AfterMethod logOut" time="-1.647689211241E9">
    <skipped/>
  </testcase> <!-- @AfterMethod logOut -->
  <testcase classname="Test.VerifyCreateNewAccount" name="@BeforeMethod logintoCreatePage" time="-1.647689211242E9">
    <skipped/>
  </testcase> <!-- @BeforeMethod logintoCreatePage -->
  <testcase classname="Test.VerifyCreateNewAccount" name="@AfterMethod logOut" time="-1.647689211244E9">
    <skipped/>
  </testcase> <!-- @AfterMethod logOut -->
  <testcase classname="Test.VerifyCreateNewAccount" name="@BeforeMethod logintoCreatePage" time="-1.647689211245E9">
    <skipped/>
  </testcase> <!-- @BeforeMethod logintoCreatePage -->
  <testcase classname="Test.VerifyCreateNewAccount" name="@AfterMethod logOut" time="-1.647689211246E9">
    <skipped/>
  </testcase> <!-- @AfterMethod logOut -->
  <testcase classname="Test.VerifyCreateNewAccount" name="@BeforeMethod logintoCreatePage" time="-1.647689211247E9">
    <skipped/>
  </testcase> <!-- @BeforeMethod logintoCreatePage -->
  <testcase classname="Test.VerifyCreateNewAccount" name="@AfterMethod logOut" time="-1.647689211249E9">
    <skipped/>
  </testcase> <!-- @AfterMethod logOut -->
  <testcase classname="Test.VerifyCreateNewAccount" name="@BeforeMethod logintoCreatePage" time="-1.647689211249E9">
    <skipped/>
  </testcase> <!-- @BeforeMethod logintoCreatePage -->
  <testcase classname="Test.VerifyCreateNewAccount" name="@AfterMethod logOut" time="-1.647689211251E9">
    <skipped/>
  </testcase> <!-- @AfterMethod logOut -->
  <testcase classname="Test.VerifyCreateNewAccount" name="@AfterClass closeBrowser" time="-1.647689211252E9">
    <skipped/>
  </testcase> <!-- @AfterClass closeBrowser -->
  <testcase classname="Test.VerifyCreateNewAccount" name="@AfterTest closedBrowser" time="-1.647689211253E9">
    <skipped/>
  </testcase> <!-- @AfterTest closedBrowser -->
  <testcase classname="Test.VerifyLoginPage" name="@AfterTest closedBrowser" time="-1.647689211254E9">
    <skipped/>
  </testcase> <!-- @AfterTest closedBrowser -->
  <testcase classname="Test.VerifyCreateNewAccount" name="verifyfirstName" time="2.09"/>
  <testcase classname="Test.VerifyLoginPage" name="verifyLoginPage" time="0.009">
    <failure type="java.lang.AssertionError" message="The following asserts failed:
	expected [https://ww.facebook.com/] but found [https://www.facebook.com/],
	expected [Faceboo – log in or sign up] but found [Facebook – log in or sign up]">
      <![CDATA[java.lang.AssertionError: The following asserts failed:
expected [https://ww.facebook.com/] but found [https://www.facebook.com/],
expected [Faceboo – log in or sign up] but found [Facebook – log in or sign up]
at Test.VerifyLoginPage.verifyLoginPage(VerifyLoginPage.java:182)
at java.base/java.util.concurrent.ThreadPoolExecutor.runWorker(ThreadPoolExecutor.java:1136)
at java.base/java.util.concurrent.ThreadPoolExecutor$Worker.run(ThreadPoolExecutor.java:635)
at java.base/java.lang.Thread.run(Thread.java:833)
... Removed 14 stack frames]]>
    </failure>
  </testcase> <!-- verifyLoginPage -->
  <testcase classname="Test.VerifyCreateNewAccount" name="verifysurname" time="2.153"/>
  <testcase classname="Test.VerifyLoginPage" name="verifyEmailId" time="0.068"/>
  <testcase classname="Test.VerifyCreateNewAccount" name="verifymobileNo" time="2.143"/>
  <testcase classname="Test.VerifyCreateNewAccount" name="verifypassword" time="2.11"/>
  <testcase classname="Test.VerifyCreateNewAccount" name="verifyDayviaDropDown" time="0.35"/>
  <testcase classname="Test.VerifyCreateNewAccount" name="verifyMonthviaDropDown" time="0.15"/>
  <testcase classname="Test.VerifyLoginPage" name="verifyLogIn" time="86.627">
    <failure type="org.openqa.selenium.WebDriverException" message="Remote browser did not respond to getCurrentUrl
Build info: version: &amp;apos;3.141.59&amp;apos;, revision: &amp;apos;e82be7d358&amp;apos;, time: &amp;apos;2018-11-14T08:17:03&amp;apos;
System info: host: &amp;apos;LAPTOP-DJ20R8TG&amp;apos;, ip: &amp;apos;192.168.0.101&amp;apos;, os.name: &amp;apos;Windows 10&amp;apos;, os.arch: &amp;apos;amd64&amp;apos;, os.version: &amp;apos;10.0&amp;apos;, java.version: &amp;apos;17.0.1&amp;apos;
Driver info: driver.version: RemoteWebDriver">
      <![CDATA[org.openqa.selenium.WebDriverException: Remote browser did not respond to getCurrentUrl
Build info: version: '3.141.59', revision: 'e82be7d358', time: '2018-11-14T08:17:03'
System info: host: 'LAPTOP-DJ20R8TG', ip: '192.168.0.101', os.name: 'Windows 10', os.arch: 'amd64', os.version: '10.0', java.version: '17.0.1'
Driver info: driver.version: RemoteWebDriver
at org.openqa.selenium.remote.RemoteWebDriver.getCurrentUrl(RemoteWebDriver.java:289)
at Test.VerifyLoginPage.verifyLogIn(VerifyLoginPage.java:264)
at java.base/java.util.concurrent.ThreadPoolExecutor.runWorker(ThreadPoolExecutor.java:1136)
at java.base/java.util.concurrent.ThreadPoolExecutor$Worker.run(ThreadPoolExecutor.java:635)
at java.base/java.lang.Thread.run(Thread.java:833)
... Removed 12 stack frames]]>
    </failure>
  </testcase> <!-- verifyLogIn -->
  <testcase classname="Test.VerifyLoginPage" name="verifyforgotPassword" time="0.0">
    <skipped/>
  </testcase> <!-- verifyforgotPassword -->
  <testcase classname="Test.VerifyLoginPage" name="createNewACCount" time="0.0">
    <skipped/>
  </testcase> <!-- createNewACCount -->
  <testcase classname="Test.VerifyCreateNewAccount" name="verifyYearviaDropDown" time="0.0">
    <skipped/>
  </testcase> <!-- verifyYearviaDropDown -->
  <testcase classname="Test.VerifyCreateNewAccount" name="clickOnFemale" time="0.0">
    <skipped/>
  </testcase> <!-- clickOnFemale -->
  <testcase classname="Test.VerifyCreateNewAccount" name="clickOnMale" time="0.0">
    <skipped/>
  </testcase> <!-- clickOnMale -->
  <testcase classname="Test.VerifyCreateNewAccount" name="clickOnCustom" time="0.0">
    <skipped/>
  </testcase> <!-- clickOnCustom -->
  <testcase classname="Test.VerifyCreateNewAccount" name="clickOnsignIn" time="0.0">
    <skipped/>
  </testcase> <!-- clickOnsignIn -->
  <testcase classname="Test.VerifyLoginPage" name="verifyPassword" time="0.0">
    <ignored/>
  </testcase> <!-- verifyPassword -->
</testsuite> <!-- OperaTest -->
