<?xml version="1.0" encoding="UTF-8"?>
<!-- Generated by org.testng.reporters.JUnitReportReporter -->
<testsuite hostname="LAPTOP-DJ20R8TG" failures="0" tests="34" name="Test.VerifyCreateNewAccount" time="884.724" errors="1" timestamp="2022-03-19T17:02:35 IST" skipped="5">
  <testcase classname="Test.VerifyCreateNewAccount" name="logintoCreatePage" time="55.099">
    <error message="chrome not reachable
  (Session info: chrome=98.0.4758.109)
  (Driver info: operadriver=98.0.4758.82 (199fc4f2ce08413e0126f4e98393232412a76ab6-refs/branch-heads/4758@{#974}),platform=Windows NT 10.0.22000 x86_64) (WARNING: The server did not provide any stacktrace information)
Command duration or timeout: 0 milliseconds
Build info: version: &#039;3.141.59&#039;, revision: &#039;e82be7d358&#039;, time: &#039;2018-11-14T08:17:03&#039;
System info: host: &#039;LAPTOP-DJ20R8TG&#039;, ip: &#039;192.168.0.101&#039;, os.name: &#039;Windows 10&#039;, os.arch: &#039;amd64&#039;, os.version: &#039;10.0&#039;, java.version: &#039;17.0.1&#039;
Driver info: org.openqa.selenium.opera.OperaDriver
Capabilities {acceptInsecureCerts: false, acceptSslCerts: false, browserConnectionEnabled: false, browserName: opera, cssSelectorsEnabled: true, databaseEnabled: false, goog:chromeOptions: {debuggerAddress: localhost:61026}, handlesAlerts: true, hasTouchScreen: false, javascriptEnabled: true, locationContextEnabled: true, mobileEmulationEnabled: false, nativeEvents: true, networkConnectionEnabled: false, opera: {operadriverVersion: 98.0.4758.82 (199fc4f2ce084..., userDataDir: C:\Users\INDU\AppData\Local...}, pageLoadStrategy: normal, platform: WINDOWS, platformName: WINDOWS, proxy: Proxy(), rotatable: false, setWindowRect: true, strictFileInteractability: false, takesHeapSnapshot: true, takesScreenshot: true, timeouts: {implicit: 0, pageLoad: 300000, script: 30000}, unexpectedAlertBehaviour: ignore, unhandledPromptBehavior: ignore, version: 98.0.4758.109, webStorageEnabled: true, webauthn:extension:credBlob: true, webauthn:extension:largeBlob: true, webauthn:virtualAuthenticators: true}
Session ID: 7202821d9e3fc6f8b109a3fd99040c7a
*** Element info: {Using=xpath, value=//input[@name=&#039;firstname&#039;]}" type="org.openqa.selenium.WebDriverException">
      <![CDATA[org.openqa.selenium.WebDriverException: chrome not reachable
  (Session info: chrome=98.0.4758.109)
  (Driver info: operadriver=98.0.4758.82 (199fc4f2ce08413e0126f4e98393232412a76ab6-refs/branch-heads/4758@{#974}),platform=Windows NT 10.0.22000 x86_64) (WARNING: The server did not provide any stacktrace information)
Command duration or timeout: 0 milliseconds
Build info: version: '3.141.59', revision: 'e82be7d358', time: '2018-11-14T08:17:03'
System info: host: 'LAPTOP-DJ20R8TG', ip: '192.168.0.101', os.name: 'Windows 10', os.arch: 'amd64', os.version: '10.0', java.version: '17.0.1'
Driver info: org.openqa.selenium.opera.OperaDriver
Capabilities {acceptInsecureCerts: false, acceptSslCerts: false, browserConnectionEnabled: false, browserName: opera, cssSelectorsEnabled: true, databaseEnabled: false, goog:chromeOptions: {debuggerAddress: localhost:61026}, handlesAlerts: true, hasTouchScreen: false, javascriptEnabled: true, locationContextEnabled: true, mobileEmulationEnabled: false, nativeEvents: true, networkConnectionEnabled: false, opera: {operadriverVersion: 98.0.4758.82 (199fc4f2ce084..., userDataDir: C:\Users\INDU\AppData\Local...}, pageLoadStrategy: normal, platform: WINDOWS, platformName: WINDOWS, proxy: Proxy(), rotatable: false, setWindowRect: true, strictFileInteractability: false, takesHeapSnapshot: true, takesScreenshot: true, timeouts: {implicit: 0, pageLoad: 300000, script: 30000}, unexpectedAlertBehaviour: ignore, unhandledPromptBehavior: ignore, version: 98.0.4758.109, webStorageEnabled: true, webauthn:extension:credBlob: true, webauthn:extension:largeBlob: true, webauthn:virtualAuthenticators: true}
Session ID: 7202821d9e3fc6f8b109a3fd99040c7a
*** Element info: {Using=xpath, value=//input[@name='firstname']}
at java.base/jdk.internal.reflect.NativeConstructorAccessorImpl.newInstance0(Native Method)
at java.base/jdk.internal.reflect.NativeConstructorAccessorImpl.newInstance(NativeConstructorAccessorImpl.java:77)
at java.base/jdk.internal.reflect.DelegatingConstructorAccessorImpl.newInstance(DelegatingConstructorAccessorImpl.java:45)
at java.base/java.lang.reflect.Constructor.newInstanceWithCaller(Constructor.java:499)
at java.base/java.lang.reflect.Constructor.newInstance(Constructor.java:480)
at org.openqa.selenium.remote.ErrorHandler.createThrowable(ErrorHandler.java:214)
at org.openqa.selenium.remote.ErrorHandler.throwIfResponseFailed(ErrorHandler.java:166)
at org.openqa.selenium.remote.http.JsonHttpResponseCodec.reconstructValue(JsonHttpResponseCodec.java:40)
at org.openqa.selenium.remote.http.AbstractHttpResponseCodec.decode(AbstractHttpResponseCodec.java:80)
at org.openqa.selenium.remote.http.AbstractHttpResponseCodec.decode(AbstractHttpResponseCodec.java:44)
at org.openqa.selenium.remote.HttpCommandExecutor.execute(HttpCommandExecutor.java:158)
at org.openqa.selenium.remote.service.DriverCommandExecutor.execute(DriverCommandExecutor.java:83)
at org.openqa.selenium.remote.RemoteWebDriver.execute(RemoteWebDriver.java:552)
at org.openqa.selenium.remote.RemoteWebDriver.findElement(RemoteWebDriver.java:323)
at org.openqa.selenium.remote.RemoteWebDriver.findElementByXPath(RemoteWebDriver.java:428)
at org.openqa.selenium.By$ByXPath.findElement(By.java:353)
at org.openqa.selenium.remote.RemoteWebDriver.findElement(RemoteWebDriver.java:315)
at org.openqa.selenium.support.pagefactory.DefaultElementLocator.findElement(DefaultElementLocator.java:69)
at org.openqa.selenium.support.pagefactory.internal.LocatingElementHandler.invoke(LocatingElementHandler.java:38)
at jdk.proxy2/jdk.proxy2.$Proxy17.click(Unknown Source)
at Facebook.CreateNewAccount.clickOnfirstName(CreateNewAccount.java:72)
at Test.VerifyCreateNewAccount.logintoCreatePage(VerifyCreateNewAccount.java:163)
at jdk.internal.reflect.GeneratedMethodAccessor3.invoke(Unknown Source)
at java.base/jdk.internal.reflect.DelegatingMethodAccessorImpl.invoke(DelegatingMethodAccessorImpl.java:43)
at java.base/java.lang.reflect.Method.invoke(Method.java:568)
at org.testng.internal.MethodInvocationHelper.invokeMethod(MethodInvocationHelper.java:133)
at org.testng.internal.MethodInvocationHelper.invokeMethodConsideringTimeout(MethodInvocationHelper.java:62)
at org.testng.internal.ConfigInvoker.invokeConfigurationMethod(ConfigInvoker.java:385)
at org.testng.internal.ConfigInvoker.invokeConfigurations(ConfigInvoker.java:321)
at org.testng.internal.TestInvoker.runConfigMethods(TestInvoker.java:700)
at org.testng.internal.TestInvoker.invokeMethod(TestInvoker.java:527)
at org.testng.internal.TestInvoker.invokeTestMethod(TestInvoker.java:173)
at org.testng.internal.MethodRunner.runInSequence(MethodRunner.java:46)
at org.testng.internal.TestInvoker$MethodInvocationAgent.invoke(TestInvoker.java:824)
at org.testng.internal.TestInvoker.invokeTestMethods(TestInvoker.java:146)
at org.testng.internal.TestMethodWorker.invokeTestMethods(TestMethodWorker.java:146)
at org.testng.internal.TestMethodWorker.run(TestMethodWorker.java:128)
at java.base/java.util.concurrent.ThreadPoolExecutor.runWorker(ThreadPoolExecutor.java:1136)
at java.base/java.util.concurrent.ThreadPoolExecutor$Worker.run(ThreadPoolExecutor.java:635)
at java.base/java.lang.Thread.run(Thread.java:833)
]]>
    </error>
  </testcase> <!-- logintoCreatePage -->
  <system-out/>
  <testcase classname="Test.VerifyCreateNewAccount" name="verifyfirstName" time="31.454"/>
  <system-out/>
  <testcase classname="Test.VerifyCreateNewAccount" name="verifyfirstName" time="32.082"/>
  <system-out/>
  <testcase classname="Test.VerifyCreateNewAccount" name="verifyfirstName" time="31.471"/>
  <system-out/>
  <testcase classname="Test.VerifyCreateNewAccount" name="verifysurname" time="31.971"/>
  <system-out/>
  <testcase classname="Test.VerifyCreateNewAccount" name="verifysurname" time="31.802"/>
  <system-out/>
  <testcase classname="Test.VerifyCreateNewAccount" name="verifysurname" time="31.453"/>
  <system-out/>
  <testcase classname="Test.VerifyCreateNewAccount" name="verifymobileNo" time="32.072"/>
  <system-out/>
  <testcase classname="Test.VerifyCreateNewAccount" name="verifymobileNo" time="31.493"/>
  <system-out/>
  <testcase classname="Test.VerifyCreateNewAccount" name="verifymobileNo" time="31.596"/>
  <system-out/>
  <testcase classname="Test.VerifyCreateNewAccount" name="verifypassword" time="31.731"/>
  <system-out/>
  <testcase classname="Test.VerifyCreateNewAccount" name="verifypassword" time="31.387"/>
  <system-out/>
  <testcase classname="Test.VerifyCreateNewAccount" name="verifypassword" time="31.728"/>
  <system-out/>
  <testcase classname="Test.VerifyCreateNewAccount" name="verifyDayviaDropDown" time="30.170"/>
  <system-out/>
  <testcase classname="Test.VerifyCreateNewAccount" name="verifyDayviaDropDown" time="29.549"/>
  <system-out/>
  <testcase classname="Test.VerifyCreateNewAccount" name="verifyDayviaDropDown" time="31.026"/>
  <system-out/>
  <testcase classname="Test.VerifyCreateNewAccount" name="verifyMonthviaDropDown" time="0.150"/>
  <system-out/>
  <testcase classname="Test.VerifyCreateNewAccount" name="verifyMonthviaDropDown" time="30.068"/>
  <system-out/>
  <testcase classname="Test.VerifyCreateNewAccount" name="verifyMonthviaDropDown" time="31.039"/>
  <system-out/>
  <testcase classname="Test.VerifyCreateNewAccount" name="verifyYearviaDropDown" time="0.000">
    <skipped/>
  </testcase> <!-- verifyYearviaDropDown -->
  <system-out/>
  <testcase classname="Test.VerifyCreateNewAccount" name="verifyYearviaDropDown" time="29.775"/>
  <system-out/>
  <testcase classname="Test.VerifyCreateNewAccount" name="verifyYearviaDropDown" time="29.616"/>
  <system-out/>
  <testcase classname="Test.VerifyCreateNewAccount" name="clickOnFemale" time="29.377"/>
  <system-out/>
  <testcase classname="Test.VerifyCreateNewAccount" name="clickOnFemale" time="30.382"/>
  <system-out/>
  <testcase classname="Test.VerifyCreateNewAccount" name="clickOnFemale" time="0.000">
    <skipped/>
  </testcase> <!-- clickOnFemale -->
  <system-out/>
  <testcase classname="Test.VerifyCreateNewAccount" name="clickOnMale" time="0.000">
    <skipped/>
  </testcase> <!-- clickOnMale -->
  <system-out/>
  <testcase classname="Test.VerifyCreateNewAccount" name="clickOnMale" time="29.866"/>
  <system-out/>
  <testcase classname="Test.VerifyCreateNewAccount" name="clickOnMale" time="29.414"/>
  <system-out/>
  <testcase classname="Test.VerifyCreateNewAccount" name="clickOnCustom" time="0.000">
    <skipped/>
  </testcase> <!-- clickOnCustom -->
  <system-out/>
  <testcase classname="Test.VerifyCreateNewAccount" name="clickOnCustom" time="30.049"/>
  <system-out/>
  <testcase classname="Test.VerifyCreateNewAccount" name="clickOnCustom" time="29.458"/>
  <system-out/>
  <testcase classname="Test.VerifyCreateNewAccount" name="clickOnsignIn" time="30.007"/>
  <system-out/>
  <testcase classname="Test.VerifyCreateNewAccount" name="clickOnsignIn" time="0.000">
    <skipped/>
  </testcase> <!-- clickOnsignIn -->
  <system-out/>
  <testcase classname="Test.VerifyCreateNewAccount" name="clickOnsignIn" time="29.439"/>
  <system-out/>
</testsuite> <!-- Test.VerifyCreateNewAccount -->
